2026-02-03 23:48:41,076 - INFO - IMPUTATION TECHNIQUE : MEAN
2026-02-03 23:48:41,122 - INFO - Remaining missing values: 0
2026-02-03 23:48:41,122 - INFO - IMPUTATION TECHNIQUE : MEDIAN
2026-02-03 23:48:41,148 - INFO - Remaining missing values: 0
2026-02-03 23:48:41,148 - INFO - IMPUTATION TECHNIQUE : MODE
2026-02-03 23:48:41,169 - INFO - Remaining missing values: 0
2026-02-03 23:48:41,169 - INFO - IMPUTATION TECHNIQUE : CONSTANT
2026-02-03 23:48:41,186 - INFO - Remaining missing values: 0
2026-02-03 23:48:41,186 - INFO - IMPUTATION TECHNIQUE : ARBITRARY
2026-02-03 23:48:41,201 - INFO - Remaining missing values: 0
2026-02-03 23:48:41,202 - INFO - IMPUTATION TECHNIQUE : END_DISTRIBUTION
2026-02-03 23:48:41,209 - INFO - Remaining missing values: 0
2026-02-03 23:48:41,209 - INFO - IMPUTATION TECHNIQUE : FORWARD_FILL
2026-02-03 23:48:41,231 - INFO - Remaining missing values: 0
2026-02-03 23:48:41,231 - INFO - IMPUTATION TECHNIQUE : BACKWARD_FILL
2026-02-03 23:48:41,254 - INFO - Remaining missing values: 0
2026-02-03 23:48:41,254 - INFO - IMPUTATION TECHNIQUE : INTERPOLATION
2026-02-03 23:48:41,276 - INFO - Remaining missing values: 0
2026-02-03 23:48:41,276 - INFO - IMPUTATION TECHNIQUE : RANDOM
2026-02-03 23:48:41,294 - INFO - Remaining missing values: 0
2026-02-03 23:48:41,294 - INFO - IMPUTATION TECHNIQUE : SIMPLE
2026-02-03 23:48:41,321 - INFO - Remaining missing values: 0
2026-02-03 23:48:41,321 - INFO - IMPUTATION TECHNIQUE : KNN
2026-02-03 23:48:41,344 - INFO - Remaining missing values: 0
2026-02-03 23:48:41,344 - INFO - IMPUTATION TECHNIQUE : MICE
2026-02-03 23:48:41,433 - INFO - Remaining missing values: 0
2026-02-03 23:48:41,434 - INFO - IMPUTATION TECHNIQUE : BAYESIAN
2026-02-03 23:48:41,455 - INFO - Remaining missing values: 0
2026-02-03 23:48:41,473 - INFO - BEST TECHNIQUE: RANDOM | Score: 0.0416
